{"numTotalTestSuites":2,"numPassedTestSuites":2,"numFailedTestSuites":0,"numPendingTestSuites":0,"numTotalTests":15,"numPassedTests":15,"numFailedTests":0,"numPendingTests":0,"numTodoTests":0,"snapshot":{"added":0,"failure":false,"filesAdded":0,"filesRemoved":0,"filesRemovedList":[],"filesUnmatched":0,"filesUpdated":0,"matched":0,"total":0,"unchecked":0,"uncheckedKeysByFile":[],"unmatched":0,"updated":0,"didUpdate":false},"startTime":1752793334770,"success":true,"testResults":[{"assertionResults":[{"ancestorTitles":["AccountSecuritySection"],"fullName":"AccountSecuritySection should show skeleton loading state while fetching security status","status":"passed","title":"should show skeleton loading state while fetching security status","duration":50.73590899999999,"failureMessages":[],"meta":{}},{"ancestorTitles":["AccountSecuritySection"],"fullName":"AccountSecuritySection should display email-only authentication status correctly","status":"passed","title":"should display email-only authentication status correctly","duration":40.57444899999996,"failureMessages":[],"meta":{}},{"ancestorTitles":["AccountSecuritySection"],"fullName":"AccountSecuritySection should display optimistic linked state during Google linking","status":"passed","title":"should display optimistic linked state during Google linking","duration":20.111977000000024,"failureMessages":[],"meta":{}},{"ancestorTitles":["AccountSecuritySection"],"fullName":"AccountSecuritySection should display hybrid authentication status correctly","status":"passed","title":"should display hybrid authentication status correctly","duration":14.88735399999996,"failureMessages":[],"meta":{}},{"ancestorTitles":["AccountSecuritySection"],"fullName":"AccountSecuritySection should display correct status badges and indicators","status":"passed","title":"should display correct status badges and indicators","duration":11.923245999999835,"failureMessages":[],"meta":{}},{"ancestorTitles":["AccountSecuritySection"],"fullName":"AccountSecuritySection should handle Google account linking successfully","status":"passed","title":"should handle Google account linking successfully","duration":42.89336500000013,"failureMessages":[],"meta":{}},{"ancestorTitles":["AccountSecuritySection"],"fullName":"AccountSecuritySection should handle Google account unlinking with password confirmation","status":"passed","title":"should handle Google account unlinking with password confirmation","duration":126.43700899999999,"failureMessages":[],"meta":{}},{"ancestorTitles":["AccountSecuritySection"],"fullName":"AccountSecuritySection should validate password before unlinking","status":"passed","title":"should validate password before unlinking","duration":38.902724000000035,"failureMessages":[],"meta":{}},{"ancestorTitles":["AccountSecuritySection"],"fullName":"AccountSecuritySection should handle API errors gracefully","status":"passed","title":"should handle API errors gracefully","duration":2.7819959999999355,"failureMessages":[],"meta":{}},{"ancestorTitles":["AccountSecuritySection"],"fullName":"AccountSecuritySection should handle API errors without resolution guidance","status":"passed","title":"should handle API errors without resolution guidance","duration":2.2656079999999292,"failureMessages":[],"meta":{}},{"ancestorTitles":["AccountSecuritySection"],"fullName":"AccountSecuritySection should allow user to retry after error","status":"passed","title":"should allow user to retry after error","duration":10.023549999999886,"failureMessages":[],"meta":{}},{"ancestorTitles":["AccountSecuritySection"],"fullName":"AccountSecuritySection should handle linking errors appropriately","status":"passed","title":"should handle linking errors appropriately","duration":21.332095999999865,"failureMessages":[],"meta":{}},{"ancestorTitles":["AccountSecuritySection"],"fullName":"AccountSecuritySection should handle unlinking errors appropriately","status":"passed","title":"should handle unlinking errors appropriately","duration":80.99765400000001,"failureMessages":[],"meta":{}},{"ancestorTitles":["AccountSecuritySection"],"fullName":"AccountSecuritySection should meet accessibility requirements","status":"passed","title":"should meet accessibility requirements","duration":20.97980500000017,"failureMessages":[],"meta":{}},{"ancestorTitles":["AccountSecuritySection"],"fullName":"AccountSecuritySection should render responsively across device sizes","status":"passed","title":"should render responsively across device sizes","duration":8.956482000000051,"failureMessages":[],"meta":{}}],"startTime":1752793335767,"endTime":1752793336260.9565,"status":"passed","message":"","name":"/home/brianhusk/repos/zentropy/src/client/components/__tests__/AccountSecuritySection.test.tsx"}]}