{"numTotalTestSuites":2,"numPassedTestSuites":2,"numFailedTestSuites":0,"numPendingTestSuites":0,"numTotalTests":22,"numPassedTests":22,"numFailedTests":0,"numPendingTests":0,"numTodoTests":0,"snapshot":{"added":0,"failure":false,"filesAdded":0,"filesRemoved":0,"filesRemovedList":[],"filesUnmatched":0,"filesUpdated":0,"matched":0,"total":0,"unchecked":0,"uncheckedKeysByFile":[],"unmatched":0,"updated":0,"didUpdate":false},"startTime":1752808647986,"success":true,"testResults":[{"assertionResults":[{"ancestorTitles":["TeamsPage"],"fullName":"TeamsPage renders teams page with main elements","status":"passed","title":"renders teams page with main elements","duration":21.478571999999986,"failureMessages":[],"meta":{}},{"ancestorTitles":["TeamsPage"],"fullName":"TeamsPage displays loading state initially","status":"passed","title":"displays loading state initially","duration":4.05931099999998,"failureMessages":[],"meta":{}},{"ancestorTitles":["TeamsPage"],"fullName":"TeamsPage loads and displays teams","status":"passed","title":"loads and displays teams","duration":22.766031999999996,"failureMessages":[],"meta":{}},{"ancestorTitles":["TeamsPage"],"fullName":"TeamsPage displays empty state when no teams","status":"passed","title":"displays empty state when no teams","duration":6.32248699999991,"failureMessages":[],"meta":{}},{"ancestorTitles":["TeamsPage"],"fullName":"TeamsPage handles API errors gracefully","status":"passed","title":"handles API errors gracefully","duration":6.0522900000000845,"failureMessages":[],"meta":{}},{"ancestorTitles":["TeamsPage"],"fullName":"TeamsPage opens create modal when Create New Team button is clicked","status":"passed","title":"opens create modal when Create New Team button is clicked","duration":60.32448599999998,"failureMessages":[],"meta":{}},{"ancestorTitles":["TeamsPage"],"fullName":"TeamsPage validates required fields when creating team","status":"passed","title":"validates required fields when creating team","duration":46.38375099999985,"failureMessages":[],"meta":{}},{"ancestorTitles":["TeamsPage"],"fullName":"TeamsPage validates team name length","status":"passed","title":"validates team name length","duration":42.21189299999992,"failureMessages":[],"meta":{}},{"ancestorTitles":["TeamsPage"],"fullName":"TeamsPage validates description length","status":"passed","title":"validates description length","duration":46.0874060000001,"failureMessages":[],"meta":{}},{"ancestorTitles":["TeamsPage"],"fullName":"TeamsPage validates velocity input accepts numeric values","status":"passed","title":"validates velocity input accepts numeric values","duration":22.964099000000033,"failureMessages":[],"meta":{}},{"ancestorTitles":["TeamsPage"],"fullName":"TeamsPage successfully creates new team","status":"passed","title":"successfully creates new team","duration":70.51877200000013,"failureMessages":[],"meta":{}},{"ancestorTitles":["TeamsPage"],"fullName":"TeamsPage opens edit modal when edit button is clicked","status":"passed","title":"opens edit modal when edit button is clicked","duration":19.275511999999935,"failureMessages":[],"meta":{}},{"ancestorTitles":["TeamsPage"],"fullName":"TeamsPage successfully updates existing team","status":"passed","title":"successfully updates existing team","duration":34.77076699999998,"failureMessages":[],"meta":{}},{"ancestorTitles":["TeamsPage"],"fullName":"TeamsPage opens delete modal when delete button is clicked","status":"passed","title":"opens delete modal when delete button is clicked","duration":23.432028000000173,"failureMessages":[],"meta":{}},{"ancestorTitles":["TeamsPage"],"fullName":"TeamsPage successfully deletes team","status":"passed","title":"successfully deletes team","duration":28.204977999999983,"failureMessages":[],"meta":{}},{"ancestorTitles":["TeamsPage"],"fullName":"TeamsPage closes modals when cancel button is clicked","status":"passed","title":"closes modals when cancel button is clicked","duration":25.973423999999795,"failureMessages":[],"meta":{}},{"ancestorTitles":["TeamsPage"],"fullName":"TeamsPage closes modals when X button is clicked","status":"passed","title":"closes modals when X button is clicked","duration":24.435055000000148,"failureMessages":[],"meta":{}},{"ancestorTitles":["TeamsPage"],"fullName":"TeamsPage handles API errors when creating team","status":"passed","title":"handles API errors when creating team","duration":31.183632000000216,"failureMessages":[],"meta":{}},{"ancestorTitles":["TeamsPage"],"fullName":"TeamsPage handles API errors when deleting team","status":"passed","title":"handles API errors when deleting team","duration":28.17944999999986,"failureMessages":[],"meta":{}},{"ancestorTitles":["TeamsPage"],"fullName":"TeamsPage displays velocity as \"Not set\" when baseline is 0","status":"passed","title":"displays velocity as \"Not set\" when baseline is 0","duration":4.419983000000002,"failureMessages":[],"meta":{}},{"ancestorTitles":["TeamsPage"],"fullName":"TeamsPage auto-dismisses toast after 5 seconds","status":"passed","title":"auto-dismisses toast after 5 seconds","duration":33.27667700000006,"failureMessages":[],"meta":{}},{"ancestorTitles":["TeamsPage"],"fullName":"TeamsPage allows manual dismissal of toast","status":"passed","title":"allows manual dismissal of toast","duration":42.16815900000006,"failureMessages":[],"meta":{}}],"startTime":1752808648963,"endTime":1752808649608.1682,"status":"passed","message":"","name":"/home/brianhusk/repos/zentropy/src/client/pages/__tests__/TeamsPage.test.tsx"}]}